app/build/outputs/logs/manifest-merger-debug-report.txt
-- Merging decision tree log ---
manifest
ADDED from src/main/AndroidManifest.xml:1:1-38:12
	package
		ADDED from src/main/AndroidManifest.xml:2:5-35
		INJECTED from src/main/AndroidManifest.xml
		INJECTED from src/main/AndroidManifest.xml
	android:versionName
		ADDED from src/main/AndroidManifest.xml:4:5-30
		INJECTED from src/main/AndroidManifest.xml
		INJECTED from src/main/AndroidManifest.xml
	android:versionCode
		ADDED from src/main/AndroidManifest.xml:3:5-28
		INJECTED from src/main/AndroidManifest.xml
		INJECTED from src/main/AndroidManifest.xml
	xmlns:android
		ADDED from src/main/AndroidManifest.xml:1:11-69
uses-sdk
ADDED from src/main/AndroidManifest.xml:6:5-8:41
MERGED from [com.android.support:support-v4:20.0.0] AndroidManifest.xml:16:5-42
	android:targetSdkVersion
		ADDED from src/main/AndroidManifest.xml:8:9-38
		INJECTED from src/main/AndroidManifest.xml
		INJECTED from src/main/AndroidManifest.xml
	android:minSdkVersion
		ADDED from src/main/AndroidManifest.xml:7:9-35
		INJECTED from src/main/AndroidManifest.xml
		INJECTED from src/main/AndroidManifest.xml
uses-feature#android.hardware.bluetooth_le
ADDED from src/main/AndroidManifest.xml:10:5-89
	android:required
		ADDED from src/main/AndroidManifest.xml:10:64-87
	android:name
		ADDED from src/main/AndroidManifest.xml:10:19-63
uses-permission#android.permission.BLUETOOTH
ADDED from src/main/AndroidManifest.xml:11:5-67
	android:name
		ADDED from src/main/AndroidManifest.xml:11:22-65
uses-permission#android.permission.BLUETOOTH_ADMIN
ADDED from src/main/AndroidManifest.xml:12:5-73
	android:name
		ADDED from src/main/AndroidManifest.xml:12:22-71
application
ADDED from src/main/AndroidManifest.xml:14:5-36:15
MERGED from [com.android.support:support-v4:20.0.0] AndroidManifest.xml:17:5-19
	android:label
		ADDED from src/main/AndroidManifest.xml:15:9-29
	android:theme
		ADDED from src/main/AndroidManifest.xml:16:9-40
activity#com.example.ftbtdemo.BlueTooth
ADDED from src/main/AndroidManifest.xml:18:9-26:20
	android:label
		ADDED from src/main/AndroidManifest.xml:20:13-62
	android:name
		ADDED from src/main/AndroidManifest.xml:19:13-38
intent-filter#android.intent.action.MAIN+android.intent.category.LAUNCHER
ADDED from src/main/AndroidManifest.xml:21:13-25:29
action#android.intent.action.MAIN
ADDED from src/main/AndroidManifest.xml:22:17-69
	android:name
		ADDED from src/main/AndroidManifest.xml:22:25-66
category#android.intent.category.LAUNCHER
ADDED from src/main/AndroidManifest.xml:24:17-77
	android:name
		ADDED from src/main/AndroidManifest.xml:24:27-74
receiver#com.example.ftbtdemo.BlueToothReceiver
ADDED from src/main/AndroidManifest.xml:27:9-34:20
	android:name
		ADDED from src/main/AndroidManifest.xml:27:19-52
intent-filter#android.bluetooth.device.action.ACL_CONNECTED+android.bluetooth.device.action.ACL_DISCONNECTED+android.bluetooth.device.action.ACL_DISCONNECT_REQUESTED+android.bluetooth.device.action.FOUND
ADDED from src/main/AndroidManifest.xml:28:10-33:26
action#android.bluetooth.device.action.ACL_CONNECTED
ADDED from src/main/AndroidManifest.xml:29:17-95
	android:name
		ADDED from src/main/AndroidManifest.xml:29:25-85
action#android.bluetooth.device.action.ACL_DISCONNECTED
ADDED from src/main/AndroidManifest.xml:30:17-98
	android:name
		ADDED from src/main/AndroidManifest.xml:30:25-88
action#android.bluetooth.device.action.FOUND
ADDED from src/main/AndroidManifest.xml:31:17-87
	android:name
		ADDED from src/main/AndroidManifest.xml:31:25-77
action#android.bluetooth.device.action.ACL_DISCONNECT_REQUESTED
ADDED from src/main/AndroidManifest.xml:32:17-106
	android:name
		ADDED from src/main/AndroidManifest.xml:32:25-96